XYZReader/build/outputs/logs/manifest-merger-debug-report.txt
-- Merging decision tree log ---
manifest
ADDED from AndroidManifest.xml:1:1
	xmlns:android
		ADDED from AndroidManifest.xml:1:11
	package
		ADDED from AndroidManifest.xml:2:5
	android:versionName
		ADDED from AndroidManifest.xml:4:5
	android:versionCode
		ADDED from AndroidManifest.xml:3:5
		INJECTED from AndroidManifest.xml:0:0
		INJECTED from AndroidManifest.xml:0:0
uses-permission#android.permission.INTERNET
ADDED from AndroidManifest.xml:6:5
	android:name
		ADDED from AndroidManifest.xml:6:22
uses-permission#android.permission.WRITE_EXTERNAL_STORAGE
ADDED from AndroidManifest.xml:7:5
	android:name
		ADDED from AndroidManifest.xml:7:22
uses-permission#android.permission.BROADCAST_STICKY
ADDED from AndroidManifest.xml:8:5
	android:name
		ADDED from AndroidManifest.xml:8:22
uses-permission#android.permission.ACCESS_NETWORK_STATE
ADDED from AndroidManifest.xml:9:5
	android:name
		ADDED from AndroidManifest.xml:9:22
application
ADDED from AndroidManifest.xml:11:5
MERGED from com.android.support:support-v4:23.3.0:22:5
MERGED from com.android.support:support-v13:23.3.0:22:5
MERGED from com.android.support:support-v4:23.3.0:22:5
MERGED from com.android.support:appcompat-v7:23.3.0:25:5
MERGED from com.android.support:support-vector-drawable:23.3.0:7:5
MERGED from com.android.support:support-v4:23.3.0:22:5
MERGED from com.android.support:animated-vector-drawable:23.3.0:7:5
MERGED from com.android.support:support-vector-drawable:23.3.0:7:5
MERGED from com.android.support:support-v4:23.3.0:22:5
MERGED from com.android.support:support-v4:23.3.0:22:5
MERGED from com.android.support:palette-v7:23.3.0:22:5
MERGED from com.android.support:support-v4:23.3.0:22:5
MERGED from com.android.support:support-v4:23.3.0:22:5
MERGED from com.android.support:cardview-v7:23.3.0:22:5
	android:label
		ADDED from AndroidManifest.xml:14:9
	android:allowBackup
		ADDED from AndroidManifest.xml:12:9
	android:icon
		ADDED from AndroidManifest.xml:13:9
	android:theme
		ADDED from AndroidManifest.xml:15:9
activity#com.example.xyzreader.ui.ArticleListActivity
ADDED from AndroidManifest.xml:17:9
	android:label
		ADDED from AndroidManifest.xml:19:13
	android:name
		ADDED from AndroidManifest.xml:18:13
intent-filter#android.intent.action.MAIN+android.intent.category.LAUNCHER
ADDED from AndroidManifest.xml:20:13
action#android.intent.action.MAIN
ADDED from AndroidManifest.xml:21:17
	android:name
		ADDED from AndroidManifest.xml:21:25
category#android.intent.category.LAUNCHER
ADDED from AndroidManifest.xml:22:17
	android:name
		ADDED from AndroidManifest.xml:22:27
activity#com.example.xyzreader.ui.ArticleDetailActivity
ADDED from AndroidManifest.xml:26:9
	android:parentActivityName
		ADDED from AndroidManifest.xml:28:13
	android:name
		ADDED from AndroidManifest.xml:27:13
intent-filter#android.intent.action.VIEW+android.intent.category.DEFAULT
ADDED from AndroidManifest.xml:29:13
action#android.intent.action.VIEW
ADDED from AndroidManifest.xml:30:17
	android:name
		ADDED from AndroidManifest.xml:30:25
category#android.intent.category.DEFAULT
ADDED from AndroidManifest.xml:31:17
	android:name
		ADDED from AndroidManifest.xml:31:27
data
ADDED from AndroidManifest.xml:32:17
	android:mimeType
		ADDED from AndroidManifest.xml:32:23
meta-data#android.support.PARENT_ACTIVITY
ADDED from AndroidManifest.xml:34:13
	android:name
		ADDED from AndroidManifest.xml:35:17
	android:value
		ADDED from AndroidManifest.xml:36:17
service#com.example.xyzreader.data.UpdaterService
ADDED from AndroidManifest.xml:39:9
	android:exported
		ADDED from AndroidManifest.xml:40:13
	android:name
		ADDED from AndroidManifest.xml:39:18
provider#com.example.xyzreader.data.ItemsProvider
ADDED from AndroidManifest.xml:42:9
	android:exported
		ADDED from AndroidManifest.xml:44:13
	android:authorities
		ADDED from AndroidManifest.xml:43:13
	android:name
		ADDED from AndroidManifest.xml:42:19
uses-sdk
INJECTED from AndroidManifest.xml:0:0 reason: use-sdk injection requested
MERGED from com.android.support:support-v4:23.3.0:20:5
MERGED from com.android.support:support-v13:23.3.0:20:5
MERGED from com.android.support:support-v4:23.3.0:20:5
MERGED from com.android.support:appcompat-v7:23.3.0:21:5
MERGED from com.android.support:support-vector-drawable:23.3.0:5:5
MERGED from com.android.support:support-v4:23.3.0:20:5
MERGED from com.android.support:animated-vector-drawable:23.3.0:5:5
MERGED from com.android.support:support-vector-drawable:23.3.0:5:5
MERGED from com.android.support:support-v4:23.3.0:20:5
MERGED from com.android.support:support-v4:23.3.0:20:5
MERGED from com.android.support:palette-v7:23.3.0:20:5
MERGED from com.android.support:support-v4:23.3.0:20:5
MERGED from com.android.support:recyclerview-v7:23.0.0:20:5
MERGED from com.android.support:support-v4:23.3.0:20:5
MERGED from com.android.support:cardview-v7:23.3.0:20:5
	android:targetSdkVersion
		INJECTED from AndroidManifest.xml:0:0
		INJECTED from AndroidManifest.xml:0:0
	android:minSdkVersion
		INJECTED from AndroidManifest.xml:0:0
		INJECTED from AndroidManifest.xml:0:0
	tools:overrideLibrary
		ADDED from com.android.support:appcompat-v7:23.3.0:23:9